<?xml version="1.0" encoding="UTF-8"?>
<!-- Generated by org.testng.reporters.JUnitXMLReporter -->
<testsuite hostname="DESKTOP-L5D0LO7" ignored="0" name="AngularJs Tests" tests="18" failures="2" timestamp="19 Apr 2019 13:10:09 GMT" time="66.321" errors="0">
  <testcase name="testAllowedLimitBiography" time="4.995" classname="tests.DemoInputPageTests"/>
  <testcase name="testBlankProjectType" time="0.396" classname="tests.DemoInputPageTests">
    <failure type="java.lang.AssertionError" message="expected [true] but found [false]">
      <![CDATA[java.lang.AssertionError: expected [true] but found [false]
at tests.DemoInputPageTests.testBlankProjectType(DemoInputPageTests.java:139)
at java.util.concurrent.FutureTask.run(Unknown Source)
at java.util.concurrent.ThreadPoolExecutor.runWorker(Unknown Source)
at java.util.concurrent.ThreadPoolExecutor$Worker.run(Unknown Source)
at java.lang.Thread.run(Unknown Source)
... Removed 20 stack frames]]>
    </failure>
  </testcase> <!-- testBlankProjectType -->
  <testcase name="testExceededLimitBiography" time="9.764" classname="tests.DemoInputPageTests"/>
  <testcase name="testInvalidClientEmail" time="3.433" classname="tests.DemoInputPageTests"/>
  <testcase name="testInvalidClientName" time="3.36" classname="tests.DemoInputPageTests"/>
  <testcase name="testInvalidDate" time="3.342" classname="tests.DemoInputPageTests"/>
  <testcase name="testInvalidEmail" time="3.35" classname="tests.DemoInputPageTests"/>
  <testcase name="testInvalidHourlyRateMax" time="3.896" classname="tests.DemoInputPageTests"/>
  <testcase name="testInvalidHourlyRateMin" time="3.732" classname="tests.DemoInputPageTests"/>
  <testcase name="testInvalidHourlyRateTooHigh" time="3.833" classname="tests.DemoInputPageTests"/>
  <testcase name="testInvalidPostalcode" time="3.852" classname="tests.DemoInputPageTests"/>
  <testcase name="testInvalidPostalcodeErr1" time="3.895" classname="tests.DemoInputPageTests"/>
  <testcase name="testInvalidPostalcodeErr2" time="3.718" classname="tests.DemoInputPageTests"/>
  <testcase name="testShowHintsErrors" time="0.194" classname="tests.DemoInputPageTests">
    <failure type="org.openqa.selenium.WebDriverException" message="unknown error: Element &amp;lt;div ng-transclude=&amp;quot;&amp;quot; class=&amp;quot;md-label&amp;quot;&amp;gt;...&amp;lt;/div&amp;gt; is not clickable at point (915, 562). Other element would receive the click: &amp;lt;md-content class=&amp;quot;_md&amp;quot;&amp;gt;...&amp;lt;/md-content&amp;gt;
  (Session info: chrome=73.0.3683.103)
  (Driver info: chromedriver=2.46.628402 (536cd7adbad73a3783fdc2cab92ab2ba7ec361e1),platform=Windows NT 10.0.17763 x86_64) (WARNING: The server did not provide any stacktrace information)
Build info: version: &amp;apos;2.3.0&amp;apos;, revision: &amp;apos;unknown&amp;apos;, time: &amp;apos;2011-08-03 19:22:45&amp;apos;
System info: os.name: &amp;apos;Windows 10&amp;apos;, os.arch: &amp;apos;x86&amp;apos;, os.version: &amp;apos;10.0&amp;apos;, java.version: &amp;apos;1.8.0_201&amp;apos;
Driver info: driver.version: RemoteWebDriver">
      <![CDATA[org.openqa.selenium.WebDriverException: unknown error: Element <div ng-transclude="" class="md-label">...</div> is not clickable at point (915, 562). Other element would receive the click: <md-content class="_md">...</md-content>
  (Session info: chrome=73.0.3683.103)
  (Driver info: chromedriver=2.46.628402 (536cd7adbad73a3783fdc2cab92ab2ba7ec361e1),platform=Windows NT 10.0.17763 x86_64) (WARNING: The server did not provide any stacktrace information)
Build info: version: '2.3.0', revision: 'unknown', time: '2011-08-03 19:22:45'
System info: os.name: 'Windows 10', os.arch: 'x86', os.version: '10.0', java.version: '1.8.0_201'
Driver info: driver.version: RemoteWebDriver
at org.openqa.selenium.remote.ErrorHandler.createThrowable(ErrorHandler.java:131)
at org.openqa.selenium.remote.ErrorHandler.throwIfResponseFailed(ErrorHandler.java:105)
at org.openqa.selenium.remote.RemoteWebDriver.execute(RemoteWebDriver.java:405)
at org.openqa.selenium.remote.RemoteWebElement.execute(RemoteWebElement.java:213)
at org.openqa.selenium.remote.RemoteWebElement.click(RemoteWebElement.java:49)
at UiComponents.Switch.click(Switch.java:11)
at pages.DemoInputPageFunctions.changeSwitchState(DemoInputPageFunctions.java:61)
at tests.DemoInputPageTests.testShowHintsErrors(DemoInputPageTests.java:106)
at java.util.concurrent.FutureTask.run(Unknown Source)
at java.util.concurrent.ThreadPoolExecutor.runWorker(Unknown Source)
at java.util.concurrent.ThreadPoolExecutor$Worker.run(Unknown Source)
at java.lang.Thread.run(Unknown Source)
... Removed 20 stack frames]]>
    </failure>
  </testcase> <!-- testShowHintsErrors -->
  <testcase name="testValidClientEmail" time="3.441" classname="tests.DemoInputPageTests"/>
  <testcase name="testValidClientName" time="3.484" classname="tests.DemoInputPageTests"/>
  <testcase name="testValidEmail" time="3.947" classname="tests.DemoInputPageTests"/>
  <testcase name="testValidHourlyRate" time="3.631" classname="tests.DemoInputPageTests"/>
</testsuite> <!-- AngularJs Tests -->
