<html>
<head>
<title>TestNG:  AngularJs Tests</title>
<link href="../testng.css" rel="stylesheet" type="text/css" />
<link href="../my-testng.css" rel="stylesheet" type="text/css" />

<style type="text/css">
.log { display: none;} 
.stack-trace { display: none;} 
</style>
<script type="text/javascript">
<!--
function flip(e) {
  current = e.style.display;
  if (current == 'block') {
    e.style.display = 'none';
    return 0;
  }
  else {
    e.style.display = 'block';
    return 1;
  }
}

function toggleBox(szDivId, elem, msg1, msg2)
{
  var res = -1;  if (document.getElementById) {
    res = flip(document.getElementById(szDivId));
  }
  else if (document.all) {
    // this is the way old msie versions work
    res = flip(document.all[szDivId]);
  }
  if(elem) {
    if(res == 0) elem.innerHTML = msg1; else elem.innerHTML = msg2;
  }

}

function toggleAllBoxes() {
  if (document.getElementsByTagName) {
    d = document.getElementsByTagName('div');
    for (i = 0; i < d.length; i++) {
      if (d[i].className == 'log') {
        flip(d[i]);
      }
    }
  }
}

// -->
</script>

</head>
<body>
<h2 align='center'>AngularJs Tests</h2><table border='1' align="center">
<tr>
<td>Tests passed/Failed/Skipped:</td><td>16/2/0</td>
</tr><tr>
<td>Started on:</td><td>Fri Apr 19 18:39:03 IST 2019</td>
</tr>
<tr><td>Total time:</td><td>66 seconds (66321 ms)</td>
</tr><tr>
<td>Included groups:</td><td></td>
</tr><tr>
<td>Excluded groups:</td><td></td>
</tr>
</table><p/>
<small><i>(Hover the method name to see the test class name)</i></small><p/>
<table width='100%' border='1' class='invocation-failed'>
<tr><td colspan='4' align='center'><b>FAILED TESTS</b></td></tr>
<tr><td><b>Test method</b></td>
<td width="30%"><b>Exception</b></td>
<td width="10%"><b>Time (seconds)</b></td>
<td><b>Instance</b></td>
</tr>
<tr>
<td title='tests.DemoInputPageTests.testBlankProjectType()'><b>testBlankProjectType</b><br>Test class: tests.DemoInputPageTests</td>
<td><div><pre>java.lang.AssertionError: expected [true] but found [false]
	at tests.DemoInputPageTests.testBlankProjectType(DemoInputPageTests.java:139)
	at java.util.concurrent.FutureTask.run(Unknown Source)
	at java.util.concurrent.ThreadPoolExecutor.runWorker(Unknown Source)
	at java.util.concurrent.ThreadPoolExecutor$Worker.run(Unknown Source)
	at java.lang.Thread.run(Unknown Source)
... Removed 20 stack frames</pre></div><a href='#' onClick='toggleBox("stack-trace11107357", this, "Click to show all stack frames", "Click to hide stack frames")'>Click to show all stack frames</a>
<div class='stack-trace' id='stack-trace11107357'><pre>java.lang.AssertionError: expected [true] but found [false]
	at org.testng.Assert.fail(Assert.java:96)
	at org.testng.Assert.failNotEquals(Assert.java:776)
	at org.testng.Assert.assertTrue(Assert.java:44)
	at org.testng.Assert.assertTrue(Assert.java:54)
	at tests.DemoInputPageTests.testBlankProjectType(DemoInputPageTests.java:139)
	at sun.reflect.NativeMethodAccessorImpl.invoke0(Native Method)
	at sun.reflect.NativeMethodAccessorImpl.invoke(Unknown Source)
	at sun.reflect.DelegatingMethodAccessorImpl.invoke(Unknown Source)
	at java.lang.reflect.Method.invoke(Unknown Source)
	at org.testng.internal.MethodInvocationHelper.invokeMethod(MethodInvocationHelper.java:124)
	at org.testng.internal.Invoker.invokeMethod(Invoker.java:580)
	at org.testng.internal.Invoker.invokeTestMethod(Invoker.java:716)
	at org.testng.internal.Invoker.invokeTestMethods(Invoker.java:988)
	at org.testng.internal.TestMethodWorker.invokeTestMethods(TestMethodWorker.java:125)
	at org.testng.internal.TestMethodWorker.run(TestMethodWorker.java:109)
	at org.testng.TestRunner.privateRun(TestRunner.java:648)
	at org.testng.TestRunner.run(TestRunner.java:505)
	at org.testng.SuiteRunner.runTest(SuiteRunner.java:455)
	at org.testng.SuiteRunner.access$000(SuiteRunner.java:40)
	at org.testng.SuiteRunner$SuiteWorker.run(SuiteRunner.java:489)
	at org.testng.internal.thread.ThreadUtil$1.call(ThreadUtil.java:52)
	at java.util.concurrent.FutureTask.run(Unknown Source)
	at java.util.concurrent.ThreadPoolExecutor.runWorker(Unknown Source)
	at java.util.concurrent.ThreadPoolExecutor$Worker.run(Unknown Source)
	at java.lang.Thread.run(Unknown Source)
</pre></div></td>
<td>0</td>
<td>tests.DemoInputPageTests@1820e51</td></tr>
<tr>
<td title='tests.DemoInputPageTests.testShowHintsErrors()'><b>testShowHintsErrors</b><br>Test class: tests.DemoInputPageTests</td>
<td><div><pre>org.openqa.selenium.WebDriverException: unknown error: Element &lt;div ng-transclude=&quot;&quot; class=&quot;md-label&quot;&gt;...&lt;/div&gt; is not clickable at point (915, 562). Other element would receive the click: &lt;md-content class=&quot;_md&quot;&gt;...&lt;/md-content&gt;
  (Session info: chrome=73.0.3683.103)
  (Driver info: chromedriver=2.46.628402 (536cd7adbad73a3783fdc2cab92ab2ba7ec361e1),platform=Windows NT 10.0.17763 x86_64) (WARNING: The server did not provide any stacktrace information)
Build info: version: &apos;2.3.0&apos;, revision: &apos;unknown&apos;, time: &apos;2011-08-03 19:22:45&apos;
System info: os.name: &apos;Windows 10&apos;, os.arch: &apos;x86&apos;, os.version: &apos;10.0&apos;, java.version: &apos;1.8.0_201&apos;
Driver info: driver.version: RemoteWebDriver
	at org.openqa.selenium.remote.ErrorHandler.createThrowable(ErrorHandler.java:131)
	at org.openqa.selenium.remote.ErrorHandler.throwIfResponseFailed(ErrorHandler.java:105)
	at org.openqa.selenium.remote.RemoteWebDriver.execute(RemoteWebDriver.java:405)
	at org.openqa.selenium.remote.RemoteWebElement.execute(RemoteWebElement.java:213)
	at org.openqa.selenium.remote.RemoteWebElement.click(RemoteWebElement.java:49)
	at UiComponents.Switch.click(Switch.java:11)
	at pages.DemoInputPageFunctions.changeSwitchState(DemoInputPageFunctions.java:61)
	at tests.DemoInputPageTests.testShowHintsErrors(DemoInputPageTests.java:106)
	at java.util.concurrent.FutureTask.run(Unknown Source)
	at java.util.concurrent.ThreadPoolExecutor.runWorker(Unknown Source)
	at java.util.concurrent.ThreadPoolExecutor$Worker.run(Unknown Source)
	at java.lang.Thread.run(Unknown Source)
... Removed 20 stack frames</pre></div><a href='#' onClick='toggleBox("stack-trace25958103", this, "Click to show all stack frames", "Click to hide stack frames")'>Click to show all stack frames</a>
<div class='stack-trace' id='stack-trace25958103'><pre>org.openqa.selenium.WebDriverException: unknown error: Element &lt;div ng-transclude=&quot;&quot; class=&quot;md-label&quot;&gt;...&lt;/div&gt; is not clickable at point (915, 562). Other element would receive the click: &lt;md-content class=&quot;_md&quot;&gt;...&lt;/md-content&gt;
  (Session info: chrome=73.0.3683.103)
  (Driver info: chromedriver=2.46.628402 (536cd7adbad73a3783fdc2cab92ab2ba7ec361e1),platform=Windows NT 10.0.17763 x86_64) (WARNING: The server did not provide any stacktrace information)
Build info: version: &apos;2.3.0&apos;, revision: &apos;unknown&apos;, time: &apos;2011-08-03 19:22:45&apos;
System info: os.name: &apos;Windows 10&apos;, os.arch: &apos;x86&apos;, os.version: &apos;10.0&apos;, java.version: &apos;1.8.0_201&apos;
Driver info: driver.version: RemoteWebDriver
	at sun.reflect.NativeConstructorAccessorImpl.newInstance0(Native Method)
	at sun.reflect.NativeConstructorAccessorImpl.newInstance(Unknown Source)
	at sun.reflect.DelegatingConstructorAccessorImpl.newInstance(Unknown Source)
	at java.lang.reflect.Constructor.newInstance(Unknown Source)
	at org.openqa.selenium.remote.ErrorHandler.createThrowable(ErrorHandler.java:131)
	at org.openqa.selenium.remote.ErrorHandler.throwIfResponseFailed(ErrorHandler.java:105)
	at org.openqa.selenium.remote.RemoteWebDriver.execute(RemoteWebDriver.java:405)
	at org.openqa.selenium.remote.RemoteWebElement.execute(RemoteWebElement.java:213)
	at org.openqa.selenium.remote.RemoteWebElement.click(RemoteWebElement.java:49)
	at UiComponents.Switch.click(Switch.java:11)
	at pages.DemoInputPageFunctions.changeSwitchState(DemoInputPageFunctions.java:61)
	at tests.DemoInputPageTests.testShowHintsErrors(DemoInputPageTests.java:106)
	at sun.reflect.NativeMethodAccessorImpl.invoke0(Native Method)
	at sun.reflect.NativeMethodAccessorImpl.invoke(Unknown Source)
	at sun.reflect.DelegatingMethodAccessorImpl.invoke(Unknown Source)
	at java.lang.reflect.Method.invoke(Unknown Source)
	at org.testng.internal.MethodInvocationHelper.invokeMethod(MethodInvocationHelper.java:124)
	at org.testng.internal.Invoker.invokeMethod(Invoker.java:580)
	at org.testng.internal.Invoker.invokeTestMethod(Invoker.java:716)
	at org.testng.internal.Invoker.invokeTestMethods(Invoker.java:988)
	at org.testng.internal.TestMethodWorker.invokeTestMethods(TestMethodWorker.java:125)
	at org.testng.internal.TestMethodWorker.run(TestMethodWorker.java:109)
	at org.testng.TestRunner.privateRun(TestRunner.java:648)
	at org.testng.TestRunner.run(TestRunner.java:505)
	at org.testng.SuiteRunner.runTest(SuiteRunner.java:455)
	at org.testng.SuiteRunner.access$000(SuiteRunner.java:40)
	at org.testng.SuiteRunner$SuiteWorker.run(SuiteRunner.java:489)
	at org.testng.internal.thread.ThreadUtil$1.call(ThreadUtil.java:52)
	at java.util.concurrent.FutureTask.run(Unknown Source)
	at java.util.concurrent.ThreadPoolExecutor.runWorker(Unknown Source)
	at java.util.concurrent.ThreadPoolExecutor$Worker.run(Unknown Source)
	at java.lang.Thread.run(Unknown Source)
</pre></div></td>
<td>0</td>
<td>tests.DemoInputPageTests@1820e51</td></tr>
</table><p>
<table width='100%' border='1' class='invocation-passed'>
<tr><td colspan='4' align='center'><b>PASSED TESTS</b></td></tr>
<tr><td><b>Test method</b></td>
<td width="30%"><b>Exception</b></td>
<td width="10%"><b>Time (seconds)</b></td>
<td><b>Instance</b></td>
</tr>
<tr>
<td title='tests.DemoInputPageTests.testAllowedLimitBiography()'><b>testAllowedLimitBiography</b><br>Test class: tests.DemoInputPageTests</td>
<td></td>
<td>4</td>
<td>tests.DemoInputPageTests@1820e51</td></tr>
<tr>
<td title='tests.DemoInputPageTests.testExceededLimitBiography()'><b>testExceededLimitBiography</b><br>Test class: tests.DemoInputPageTests</td>
<td></td>
<td>9</td>
<td>tests.DemoInputPageTests@1820e51</td></tr>
<tr>
<td title='tests.DemoInputPageTests.testInvalidClientEmail()'><b>testInvalidClientEmail</b><br>Test class: tests.DemoInputPageTests</td>
<td></td>
<td>3</td>
<td>tests.DemoInputPageTests@1820e51</td></tr>
<tr>
<td title='tests.DemoInputPageTests.testInvalidClientName()'><b>testInvalidClientName</b><br>Test class: tests.DemoInputPageTests</td>
<td></td>
<td>3</td>
<td>tests.DemoInputPageTests@1820e51</td></tr>
<tr>
<td title='tests.DemoInputPageTests.testInvalidDate()'><b>testInvalidDate</b><br>Test class: tests.DemoInputPageTests</td>
<td></td>
<td>3</td>
<td>tests.DemoInputPageTests@1820e51</td></tr>
<tr>
<td title='tests.DemoInputPageTests.testInvalidEmail()'><b>testInvalidEmail</b><br>Test class: tests.DemoInputPageTests</td>
<td></td>
<td>3</td>
<td>tests.DemoInputPageTests@1820e51</td></tr>
<tr>
<td title='tests.DemoInputPageTests.testInvalidHourlyRateMax()'><b>testInvalidHourlyRateMax</b><br>Test class: tests.DemoInputPageTests</td>
<td></td>
<td>3</td>
<td>tests.DemoInputPageTests@1820e51</td></tr>
<tr>
<td title='tests.DemoInputPageTests.testInvalidHourlyRateMin()'><b>testInvalidHourlyRateMin</b><br>Test class: tests.DemoInputPageTests</td>
<td></td>
<td>3</td>
<td>tests.DemoInputPageTests@1820e51</td></tr>
<tr>
<td title='tests.DemoInputPageTests.testInvalidHourlyRateTooHigh()'><b>testInvalidHourlyRateTooHigh</b><br>Test class: tests.DemoInputPageTests</td>
<td></td>
<td>3</td>
<td>tests.DemoInputPageTests@1820e51</td></tr>
<tr>
<td title='tests.DemoInputPageTests.testInvalidPostalcode()'><b>testInvalidPostalcode</b><br>Test class: tests.DemoInputPageTests</td>
<td></td>
<td>3</td>
<td>tests.DemoInputPageTests@1820e51</td></tr>
<tr>
<td title='tests.DemoInputPageTests.testInvalidPostalcodeErr1()'><b>testInvalidPostalcodeErr1</b><br>Test class: tests.DemoInputPageTests</td>
<td></td>
<td>3</td>
<td>tests.DemoInputPageTests@1820e51</td></tr>
<tr>
<td title='tests.DemoInputPageTests.testInvalidPostalcodeErr2()'><b>testInvalidPostalcodeErr2</b><br>Test class: tests.DemoInputPageTests</td>
<td></td>
<td>3</td>
<td>tests.DemoInputPageTests@1820e51</td></tr>
<tr>
<td title='tests.DemoInputPageTests.testValidClientEmail()'><b>testValidClientEmail</b><br>Test class: tests.DemoInputPageTests</td>
<td></td>
<td>3</td>
<td>tests.DemoInputPageTests@1820e51</td></tr>
<tr>
<td title='tests.DemoInputPageTests.testValidClientName()'><b>testValidClientName</b><br>Test class: tests.DemoInputPageTests</td>
<td></td>
<td>3</td>
<td>tests.DemoInputPageTests@1820e51</td></tr>
<tr>
<td title='tests.DemoInputPageTests.testValidEmail()'><b>testValidEmail</b><br>Test class: tests.DemoInputPageTests</td>
<td></td>
<td>3</td>
<td>tests.DemoInputPageTests@1820e51</td></tr>
<tr>
<td title='tests.DemoInputPageTests.testValidHourlyRate()'><b>testValidHourlyRate</b><br>Test class: tests.DemoInputPageTests</td>
<td></td>
<td>3</td>
<td>tests.DemoInputPageTests@1820e51</td></tr>
</table><p>
</body>
</html>